<?xml version="1.0" encoding="UTF-8" ?>
<testsuite tests="9" failures="0" name="org.databene.script.math.TimestampArithmeticTest" time="0" errors="0" skipped="0">
  <properties>
    <property name="java.runtime.name" value="Java(TM) SE Runtime Environment"/>
    <property name="sun.boot.library.path" value="C:\Aimia\Software\JDK18\jre\bin"/>
    <property name="java.vm.version" value="25.65-b01"/>
    <property name="java.vm.vendor" value="Oracle Corporation"/>
    <property name="maven.multiModuleProjectDirectory" value="C:\Aimia\RnD\bene\databene-script"/>
    <property name="java.vendor.url" value="http://java.oracle.com/"/>
    <property name="path.separator" value=";"/>
    <property name="guice.disable.misplaced.annotation.check" value="true"/>
    <property name="java.vm.name" value="Java HotSpot(TM) 64-Bit Server VM"/>
    <property name="file.encoding.pkg" value="sun.io"/>
    <property name="user.script" value=""/>
    <property name="user.country" value="GB"/>
    <property name="sun.java.launcher" value="SUN_STANDARD"/>
    <property name="sun.os.patch.level" value="Service Pack 1"/>
    <property name="java.vm.specification.name" value="Java Virtual Machine Specification"/>
    <property name="user.dir" value="C:\Aimia\RnD\bene\databene-script"/>
    <property name="java.runtime.version" value="1.8.0_65-b17"/>
    <property name="java.awt.graphicsenv" value="sun.awt.Win32GraphicsEnvironment"/>
    <property name="java.endorsed.dirs" value="C:\Aimia\Software\JDK18\jre\lib\endorsed"/>
    <property name="os.arch" value="amd64"/>
    <property name="java.io.tmpdir" value="C:\Users\AChockalingam\AppData\Local\Temp\"/>
    <property name="line.separator" value="
"/>
    <property name="java.vm.specification.vendor" value="Oracle Corporation"/>
    <property name="user.variant" value=""/>
    <property name="os.name" value="Windows 7"/>
    <property name="classworlds.conf" value="C:\Users\AChockalingam\workspace\.metadata\.plugins\org.eclipse.m2e.launching\launches\m2conf7560170976504799257.tmp"/>
    <property name="sun.jnu.encoding" value="Cp1252"/>
    <property name="java.library.path" value="C:\Aimia\Software\JDK18\bin;C:\windows\Sun\Java\bin;C:\windows\system32;C:\windows;C:/Program Files/Java/jre1.8.0_181/bin/server;C:/Program Files/Java/jre1.8.0_181/bin;C:/Program Files/Java/jre1.8.0_181/lib/amd64;C:\Program Files (x86)\Common Files\Oracle\Java\javapath;W:\Python36\Scripts\;W:\Python36\;W:\Python37\Scripts\;W:\Python37\;C:\ProgramData\Oracle\Java\javapath;C:\windows\system32;C:\windows;C:\windows\System32\Wbem;C:\windows\System32\WindowsPowerShell\v1.0\;C:\Program Files (x86)\CheckPoint\Endpoint Security Agent\Endpoint Common\bin;C:\Program Files (x86)\Common Files\Check Point\UIFramework 3.0\Bin\;C:\Program Files (x86)\CheckPoint\Endpoint Security\Endpoint Common\bin;C:\Aimia\Software\Git\cmd;C:\Program Files\TortoiseGit\bin;C:\Aimia\Software\maven\bin;C:\OpenSSL-Win64\bin;C:\Program Files (x86)\VideoLAN\VLC;C:\Program Files\MySQL\MySQL Utilities 1.6\;C:\Aimia\Software\gnu\GetGnuWin32\gnuwin32\bin;C:\Aimia\Development\selenium-headless;C:\Aimia\Software\ant\bin;C:\Aimia\Software\SeleniumDrivers;C:\Go\bin\;C:\GoWork\bin;C:\Program Files (x86)\Tesseract-OCR;C:\Program Files\GIMP 2\bin;C:\Aimia\Software\PuTTY\;C:\Program Files\Snowflake SnowSQL\;C:\Aimia\Software\flutter\bin;C:\nodejs\;C:\Yarn\bin\;C:\windows\System32\WindowsPowerShell\v1.0\;C:\windows\System32\WindowsPowerShell\v1.0\;W:\Aimia\Development\selenium-headless;W:\Aimia\Software\jasypt-1.9.2\bin;C:\Aimia\Software\JDK18\bin\;C:\windows\System32\WindowsPowerShell\v1.0\;W:\anaconda3;W:\anaconda3\Library\mingw-w64\bin;W:\anaconda3\Library\usr\bin;W:\anaconda3\Library\bin;W:\anaconda3\Scripts;C:\Users\AChockalingam\AppData\Roaming\Dashlane\5.1.0.11228\bin\Firefox_Extension\{442718d9-475e-452a-b3e1-fb1ee16b8e9f}\components;C:\Users\AChockalingam\AppData\Roaming\Dashlane\5.1.0.11228\ucrt;C:\Users\AChockalingam\AppData\Roaming\npm;C:\Users\AChockalingam\AppData\Local\Yarn\bin;C:\Users\AChockalingam\AppData\Roaming\Dashlane\6.0.1.11015\bin\Firefox_Extension\{442718d9-475e-452a-b3e1-fb1ee16b8e9f}\components;C:\Users\AChockalingam\AppData\Roaming\Dashlane\6.0.1.11015\ucrt;C:\Users\AChockalingam\AppData\Roaming\Dashlane\6.0.1.11015\bin\Qt;C:\Users\AChockalingam\AppData\Roaming\Dashlane\6.0.1.11015\ucrt;C:\Users\AChockalingam\AppData\Roaming\Dashlane\6.0.1.11015\bin\Ssl;W:\Aimia\Software\VSCode\bin;C:\Aimia\Software\eclipse\jee-neon\eclipse;;."/>
    <property name="java.specification.name" value="Java Platform API Specification"/>
    <property name="java.class.version" value="52.0"/>
    <property name="sun.management.compiler" value="HotSpot 64-Bit Tiered Compilers"/>
    <property name="os.version" value="6.1"/>
    <property name="user.home" value="C:\Users\AChockalingam"/>
    <property name="user.timezone" value="Europe/London"/>
    <property name="java.awt.printerjob" value="sun.awt.windows.WPrinterJob"/>
    <property name="java.specification.version" value="1.8"/>
    <property name="file.encoding" value="Cp1252"/>
    <property name="user.name" value="aravindan.chockaling"/>
    <property name="java.class.path" value="W:\Aimia\Software\maven\boot\plexus-classworlds-2.5.2.jar"/>
    <property name="java.vm.specification.version" value="1.8"/>
    <property name="sun.arch.data.model" value="64"/>
    <property name="java.home" value="C:\Aimia\Software\JDK18\jre"/>
    <property name="sun.java.command" value="org.codehaus.plexus.classworlds.launcher.Launcher -B -s W:\Profiles\.m2\settings.xml clean install"/>
    <property name="java.specification.vendor" value="Oracle Corporation"/>
    <property name="user.language" value="en"/>
    <property name="awt.toolkit" value="sun.awt.windows.WToolkit"/>
    <property name="java.vm.info" value="mixed mode"/>
    <property name="java.version" value="1.8.0_65"/>
    <property name="java.ext.dirs" value="C:\Aimia\Software\JDK18\jre\lib\ext;C:\windows\Sun\Java\lib\ext"/>
    <property name="sun.boot.class.path" value="C:\Aimia\Software\JDK18\jre\lib\resources.jar;C:\Aimia\Software\JDK18\jre\lib\rt.jar;C:\Aimia\Software\JDK18\jre\lib\sunrsasign.jar;C:\Aimia\Software\JDK18\jre\lib\jsse.jar;C:\Aimia\Software\JDK18\jre\lib\jce.jar;C:\Aimia\Software\JDK18\jre\lib\charsets.jar;C:\Aimia\Software\JDK18\jre\lib\jfr.jar;C:\Aimia\Software\JDK18\jre\classes"/>
    <property name="java.vendor" value="Oracle Corporation"/>
    <property name="maven.home" value="W:\Aimia\Software\maven"/>
    <property name="file.separator" value="\"/>
    <property name="java.vendor.url.bug" value="http://bugreport.sun.com/bugreport/"/>
    <property name="sun.cpu.endian" value="little"/>
    <property name="sun.io.unicode.encoding" value="UnicodeLittle"/>
    <property name="sun.desktop" value="windows"/>
    <property name="sun.cpu.isalist" value="amd64"/>
  </properties>
  <testcase classname="org.databene.script.math.TimestampArithmeticTest" name="testSubtract" time="0"/>
  <testcase classname="org.databene.script.math.TimestampArithmeticTest" name="testSubtract_Millis" time="0"/>
  <testcase classname="org.databene.script.math.TimestampArithmeticTest" name="testGetBaseType" time="0"/>
  <testcase classname="org.databene.script.math.TimestampArithmeticTest" name="testAdd_Millis" time="0"/>
  <testcase classname="org.databene.script.math.TimestampArithmeticTest" name="testAdd_Timestamp" time="0"/>
  <testcase classname="org.databene.script.math.TimestampArithmeticTest" name="testAdd_IllegalType" time="0"/>
  <testcase classname="org.databene.script.math.TimestampArithmeticTest" name="testSubtract_IllegalType" time="0"/>
  <testcase classname="org.databene.script.math.TimestampArithmeticTest" name="testDivide" time="0"/>
  <testcase classname="org.databene.script.math.TimestampArithmeticTest" name="testMultiply" time="0"/>
</testsuite>